<?xml version="1.0" encoding="utf-8"?><testsuites name="pytest tests"><testsuite name="pytest" errors="0" failures="0" skipped="0" tests="11" time="1.695" timestamp="2026-09-16T09:33:27.498619+00:00" hostname="agent-env-d9fcef72-e91c-4b57-bfff-9e95f0d7a020"><testcase classname="tests.test_public_api" name="test_health" time="0.230" /><testcase classname="tests.test_public_api" name="test_setup_status_and_login" time="0.192" /><testcase classname="tests.test_public_api" name="test_second_bootstrap_rejected" time="0.065" /><testcase classname="tests.test_public_api" name="test_auth_me_and_refresh" time="0.135" /><testcase classname="tests.test_public_api" name="test_wrong_login" time="0.125" /><testcase classname="tests.test_public_api" name="test_coa_seeded" time="0.068" /><testcase classname="tests.test_public_api" name="test_dashboard_endpoint" time="0.075" /><testcase classname="tests.test_public_api" name="test_trial_balance_endpoint" time="0.070" /><testcase classname="tests.test_public_api" name="test_export_endpoint_all_formats" time="0.218" /><testcase classname="tests.test_public_api" name="test_rbac_auditor_can_read_but_not_write" time="0.387" /><testcase classname="tests.test_public_api" name="test_audit_log_endpoint" time="0.069" /></testsuite></testsuites>