<?xml version="1.0" encoding="utf-8"?><testsuites name="pytest tests"><testsuite name="pytest" errors="0" failures="0" skipped="0" tests="12" time="1.271" timestamp="2026-09-16T09:31:46.914513+00:00" hostname="agent-env-d9fcef72-e91c-4b57-bfff-9e95f0d7a020"><testcase classname="tests.test_accounting" name="test_bootstrap_and_coa" time="0.633" /><testcase classname="tests.test_accounting" name="test_masters" time="0.065" /><testcase classname="tests.test_accounting" name="test_opening_balance_and_trial_balance" time="0.028" /><testcase classname="tests.test_accounting" name="test_imbalanced_journal_rejected" time="0.003" /><testcase classname="tests.test_accounting" name="test_credit_sale_flow" time="0.044" /><testcase classname="tests.test_accounting" name="test_purchase_and_payment" time="0.030" /><testcase classname="tests.test_accounting" name="test_cash_expense_and_transfer" time="0.024" /><testcase classname="tests.test_accounting" name="test_financial_statements" time="0.013" /><testcase classname="tests.test_accounting" name="test_void_flow" time="0.027" /><testcase classname="tests.test_accounting" name="test_period_closing" time="0.020" /><testcase classname="tests.test_accounting" name="test_dashboard_and_rbac" time="0.131" /><testcase classname="tests.test_accounting" name="test_export_reports" time="0.020" /></testsuite></testsuites>